Traceback (most recent call last):
  File "/scratch/project_2017273/DPPM/scripts/tune_random_forest.py", line 107, in <module>
    main()
  File "/scratch/project_2017273/DPPM/scripts/tune_random_forest.py", line 62, in main
    screening_results_df, finalists = screen_random_forest_candidates(
                                      ^^^^^^^^^^^^^^^^^^^^^^^^^^^^^^^^
  File "/scratch/project_2017273/DPPM/src/tree_modeling.py", line 952, in screen_random_forest_candidates
    model = fit_random_forest(X_train, y_train, config)
            ^^^^^^^^^^^^^^^^^^^^^^^^^^^^^^^^^^^^^^^^^^^
  File "/scratch/project_2017273/DPPM/src/tree_modeling.py", line 783, in fit_random_forest
    pipeline.fit(X_train, prepare_target(y_train, config["target_mode"]))
  File "/PUHTI_TYKKY_Z2xYJyB/miniforge/envs/env1/lib/python3.12/site-packages/sklearn/base.py", line 1365, in wrapper
    return fit_method(estimator, *args, **kwargs)
           ^^^^^^^^^^^^^^^^^^^^^^^^^^^^^^^^^^^^^^
  File "/PUHTI_TYKKY_Z2xYJyB/miniforge/envs/env1/lib/python3.12/site-packages/sklearn/pipeline.py", line 663, in fit
    self._final_estimator.fit(Xt, y, **last_step_params["fit"])
  File "/PUHTI_TYKKY_Z2xYJyB/miniforge/envs/env1/lib/python3.12/site-packages/sklearn/base.py", line 1358, in wrapper
    estimator._validate_params()
  File "/PUHTI_TYKKY_Z2xYJyB/miniforge/envs/env1/lib/python3.12/site-packages/sklearn/base.py", line 471, in _validate_params
    validate_parameter_constraints(
  File "/PUHTI_TYKKY_Z2xYJyB/miniforge/envs/env1/lib/python3.12/site-packages/sklearn/utils/_param_validation.py", line 98, in validate_parameter_constraints
    raise InvalidParameterError(
sklearn.utils._param_validation.InvalidParameterError: The 'max_features' parameter of RandomForestRegressor must be an int in the range [1, inf), a float in the range (0.0, 1.0], a str among {'sqrt', 'log2'} or None. Got '0.35' instead.
