Traceback (most recent call last):
  File "/users/rbhandar/DPPM/src/crawler.py", line 243, in <module>
    results = scrape_brand_model(args.brand, args.model)
              ^^^^^^^^^^^^^^^^^^^^^^^^^^^^^^^^^^^^^^^^^^
  File "/users/rbhandar/DPPM/src/crawler.py", line 143, in scrape_brand_model
    soup = fetch_page(product_url)
           ^^^^^^^^^^^^^^^^^^^^^^^
  File "/users/rbhandar/DPPM/src/crawler.py", line 34, in fetch_page
    page.goto(url, wait_until='networkidle')
  File "/users/rbhandar/.local/lib/python3.12/site-packages/playwright/sync_api/_generated.py", line 9050, in goto
    self._sync(
  File "/users/rbhandar/.local/lib/python3.12/site-packages/playwright/_impl/_sync_base.py", line 115, in _sync
    return task.result()
           ^^^^^^^^^^^^^
  File "/users/rbhandar/.local/lib/python3.12/site-packages/playwright/_impl/_page.py", line 552, in goto
    return await self._main_frame.goto(**locals_to_params(locals()))
           ^^^^^^^^^^^^^^^^^^^^^^^^^^^^^^^^^^^^^^^^^^^^^^^^^^^^^^^^^
  File "/users/rbhandar/.local/lib/python3.12/site-packages/playwright/_impl/_frame.py", line 153, in goto
    await self._channel.send(
  File "/users/rbhandar/.local/lib/python3.12/site-packages/playwright/_impl/_connection.py", line 69, in send
    return await self._connection.wrap_api_call(
           ^^^^^^^^^^^^^^^^^^^^^^^^^^^^^^^^^^^^^
  File "/users/rbhandar/.local/lib/python3.12/site-packages/playwright/_impl/_connection.py", line 559, in wrap_api_call
    raise rewrite_error(error, f"{parsed_st['apiName']}: {error}") from None
playwright._impl._errors.TimeoutError: Page.goto: Timeout 30000ms exceeded.
Call log:
  - navigating to "https://www.varaosahaku.fi/fi-fi/pb/Hae/Autonosat/s1/Skoda/SKODA-OCTAVIA-1U/1996_2011/Jarrut/ABS-Hydraulikoneisto/_/ID-53427488/1J0-614-417-D", waiting until "networkidle"

srun: error: r02c31: task 0: Exited with exit code 1
srun: Terminating StepId=31249847.0
Traceback (most recent call last):
  File "/users/rbhandar/DPPM/src/crawler.py", line 243, in <module>
    results = scrape_brand_model(args.brand, args.model)
              ^^^^^^^^^^^^^^^^^^^^^^^^^^^^^^^^^^^^^^^^^^
  File "/users/rbhandar/DPPM/src/crawler.py", line 143, in scrape_brand_model
    soup = fetch_page(product_url)
           ^^^^^^^^^^^^^^^^^^^^^^^
  File "/users/rbhandar/DPPM/src/crawler.py", line 34, in fetch_page
    page.goto(url, wait_until='networkidle')
  File "/users/rbhandar/.local/lib/python3.12/site-packages/playwright/sync_api/_generated.py", line 9050, in goto
    self._sync(
  File "/users/rbhandar/.local/lib/python3.12/site-packages/playwright/_impl/_sync_base.py", line 115, in _sync
    return task.result()
           ^^^^^^^^^^^^^
  File "/users/rbhandar/.local/lib/python3.12/site-packages/playwright/_impl/_page.py", line 552, in goto
    return await self._main_frame.goto(**locals_to_params(locals()))
           ^^^^^^^^^^^^^^^^^^^^^^^^^^^^^^^^^^^^^^^^^^^^^^^^^^^^^^^^^
  File "/users/rbhandar/.local/lib/python3.12/site-packages/playwright/_impl/_frame.py", line 153, in goto
    await self._channel.send(
  File "/users/rbhandar/.local/lib/python3.12/site-packages/playwright/_impl/_connection.py", line 69, in send
    return await self._connection.wrap_api_call(
           ^^^^^^^^^^^^^^^^^^^^^^^^^^^^^^^^^^^^^
  File "/users/rbhandar/.local/lib/python3.12/site-packages/playwright/_impl/_connection.py", line 559, in wrap_api_call
    raise rewrite_error(error, f"{parsed_st['apiName']}: {error}") from None
playwright._impl._errors.TimeoutError: Page.goto: Timeout 30000ms exceeded.
Call log:
  - navigating to "https://www.varaosahaku.fi/fi-fi/pb/Hae/Autonosat/s1/Toyota/TOYOTA-COROLLA/2002_2007/Jarrut/Jarrusatula/Oikea-taka/ID-53699997", waiting until "networkidle"

srun: error: r02c31: task 0: Exited with exit code 1
srun: Terminating StepId=31249847.1
Traceback (most recent call last):
  File "/users/rbhandar/DPPM/src/crawler.py", line 243, in <module>
    results = scrape_brand_model(args.brand, args.model)
              ^^^^^^^^^^^^^^^^^^^^^^^^^^^^^^^^^^^^^^^^^^
  File "/users/rbhandar/DPPM/src/crawler.py", line 143, in scrape_brand_model
    soup = fetch_page(product_url)
           ^^^^^^^^^^^^^^^^^^^^^^^
  File "/users/rbhandar/DPPM/src/crawler.py", line 34, in fetch_page
    page.goto(url, wait_until='networkidle')
  File "/users/rbhandar/.local/lib/python3.12/site-packages/playwright/sync_api/_generated.py", line 9050, in goto
    self._sync(
  File "/users/rbhandar/.local/lib/python3.12/site-packages/playwright/_impl/_sync_base.py", line 115, in _sync
    return task.result()
           ^^^^^^^^^^^^^
  File "/users/rbhandar/.local/lib/python3.12/site-packages/playwright/_impl/_page.py", line 552, in goto
    return await self._main_frame.goto(**locals_to_params(locals()))
           ^^^^^^^^^^^^^^^^^^^^^^^^^^^^^^^^^^^^^^^^^^^^^^^^^^^^^^^^^
  File "/users/rbhandar/.local/lib/python3.12/site-packages/playwright/_impl/_frame.py", line 153, in goto
    await self._channel.send(
  File "/users/rbhandar/.local/lib/python3.12/site-packages/playwright/_impl/_connection.py", line 69, in send
    return await self._connection.wrap_api_call(
           ^^^^^^^^^^^^^^^^^^^^^^^^^^^^^^^^^^^^^
  File "/users/rbhandar/.local/lib/python3.12/site-packages/playwright/_impl/_connection.py", line 559, in wrap_api_call
    raise rewrite_error(error, f"{parsed_st['apiName']}: {error}") from None
playwright._impl._errors.TimeoutError: Page.goto: Timeout 30000ms exceeded.
Call log:
  - navigating to "https://www.varaosahaku.fi/fi-fi/pb/Hae/Autonosat/s1/VW/VW-GOLF,-E_GOLF-VII/2013_2020/Jarrut/Jarrusatula/Vasen-taka/ID-53447964/8V0-615-423-D", waiting until "networkidle"

srun: error: r02c31: task 0: Exited with exit code 1
srun: Terminating StepId=31249847.2
