Requirement already satisfied: playwright in /users/rbhandar/.local/lib/python3.12/site-packages (1.57.0)
Requirement already satisfied: pandas in /PUHTI_TYKKY_Z2xYJyB/miniforge/envs/env1/lib/python3.12/site-packages (2.3.2)
Requirement already satisfied: beautifulsoup4 in /PUHTI_TYKKY_Z2xYJyB/miniforge/envs/env1/lib/python3.12/site-packages (4.13.5)
Requirement already satisfied: lxml in /PUHTI_TYKKY_Z2xYJyB/miniforge/envs/env1/lib/python3.12/site-packages (6.0.1)
Requirement already satisfied: pyee<14,>=13 in /users/rbhandar/.local/lib/python3.12/site-packages (from playwright) (13.0.0)
Requirement already satisfied: greenlet<4.0.0,>=3.1.1 in /PUHTI_TYKKY_Z2xYJyB/miniforge/envs/env1/lib/python3.12/site-packages (from playwright) (3.2.4)
Requirement already satisfied: typing-extensions in /PUHTI_TYKKY_Z2xYJyB/miniforge/envs/env1/lib/python3.12/site-packages (from pyee<14,>=13->playwright) (4.15.0)
Requirement already satisfied: numpy>=1.26.0 in /PUHTI_TYKKY_Z2xYJyB/miniforge/envs/env1/lib/python3.12/site-packages (from pandas) (1.26.4)
Requirement already satisfied: python-dateutil>=2.8.2 in /PUHTI_TYKKY_Z2xYJyB/miniforge/envs/env1/lib/python3.12/site-packages (from pandas) (2.9.0.post0)
Requirement already satisfied: pytz>=2020.1 in /PUHTI_TYKKY_Z2xYJyB/miniforge/envs/env1/lib/python3.12/site-packages (from pandas) (2025.2)
Requirement already satisfied: tzdata>=2022.7 in /PUHTI_TYKKY_Z2xYJyB/miniforge/envs/env1/lib/python3.12/site-packages (from pandas) (2025.2)
Requirement already satisfied: soupsieve>1.2 in /PUHTI_TYKKY_Z2xYJyB/miniforge/envs/env1/lib/python3.12/site-packages (from beautifulsoup4) (2.8)
Requirement already satisfied: six>=1.5 in /PUHTI_TYKKY_Z2xYJyB/miniforge/envs/env1/lib/python3.12/site-packages (from python-dateutil>=2.8.2->pandas) (1.17.0)
BEWARE: your OS is not officially supported by Playwright; downloading fallback build for ubuntu24.04-x64.
BEWARE: your OS is not officially supported by Playwright; downloading fallback build for ubuntu24.04-x64.
BEWARE: your OS is not officially supported by Playwright; downloading fallback build for ubuntu24.04-x64.
Started: ma 19.1.2026 19.14.35 +0200
======================================================================
DPPM Car Parts Data Collector v1.0
======================================================================


Jarrut
  ABS Hydraulikoneisto
    ABS Hydraulikoneisto 5E
    ABS Hydraulikoneisto NX
    ABS Hydraulikoneisto 5E
    ABS Hydraulikoneisto NX
    ABS Hydraulikoneisto 5E
    ABS Hydraulikoneisto 5E
    ABS Hydraulikoneisto 5E
    ABS Hydraulikoneisto 5E
    ABS Hydraulikoneisto 5E
    ABS Hydraulikoneisto 5E
    ABS Hydraulikoneisto 5E
    ABS Hydraulikoneisto 5E
    ABS Hydraulikoneisto 5E
    ABS Hydraulikoneisto 5E
    ABS Hydraulikoneisto 5E
    ABS Hydraulikoneisto 5E
    ABS Hydraulikoneisto 5E
    ABS Hydraulikoneisto 5E
    ABS Hydraulikoneisto 5E
    ABS Hydraulikoneisto 5E
    ABS Hydraulikoneisto 5E
    ABS Hydraulikoneisto 5E
    ABS Hydraulikoneisto 5E
    ABS Hydraulikoneisto 5E
    ABS Hydraulikoneisto 5E
    ABS Hydraulikoneisto 5E
    ABS Hydraulikoneisto 5E
    ABS Hydraulikoneisto 5E
    ABS Hydraulikoneisto 1Z
    ABS Hydraulikoneisto 5E
    ABS Hydraulikoneisto 5E
    ABS Hydraulikoneisto 5E
    ABS Hydraulikoneisto 5E
    ABS Hydraulikoneisto 5E
    ABS Hydraulikoneisto 5E
    ABS Hydraulikoneisto 5E
    ABS Hydraulikoneisto 5E
    ABS Hydraulikoneisto 5E
    ABS Hydraulikoneisto 5E
    ABS Hydraulikoneisto 5E
    ABS Hydraulikoneisto 5E
    ABS Hydraulikoneisto 5E
    ABS Hydraulikoneisto 5E
    ABS Hydraulikoneisto 5E
    ABS Hydraulikoneisto 5E
    ABS Hydraulikoneisto 5E
    ABS Hydraulikoneisto 5E
    ABS Hydraulikoneisto 5E
    ABS Hydraulikoneisto 5E
    ABS Hydraulikoneisto 5E
    ABS Hydraulikoneisto 5E
    ABS Hydraulikoneisto 5E
    ABS Hydraulikoneisto 5E
    ABS Hydraulikoneisto 5E
    ABS Hydraulikoneisto 5E
    ABS Hydraulikoneisto 5E
    ABS Hydraulikoneisto 5E
    ABS Hydraulikoneisto 5E
    ABS Hydraulikoneisto 5E
    ABS Hydraulikoneisto 5E
    ABS Hydraulikoneisto 5E
    ABS Hydraulikoneisto 5E
    ABS Hydraulikoneisto 5E
    ABS Hydraulikoneisto 5E
    ABS Hydraulikoneisto 5E
    ABS Hydraulikoneisto 5E
    ABS Hydraulikoneisto 5E
    ABS Hydraulikoneisto 5E
    ABS Hydraulikoneisto 5E
    ABS Hydraulikoneisto 5E
    ABS Hydraulikoneisto 5E
    ABS Hydraulikoneisto 5E
    ABS Hydraulikoneisto 5E
    ABS Hydraulikoneisto 5E
    ABS Hydraulikoneisto 5E
    ABS Hydraulikoneisto 5E
    ABS Hydraulikoneisto 1U
    ABS Hydraulikoneisto 5E
    ABS Hydraulikoneisto 5E
    ABS Hydraulikoneisto 5E
    ABS Hydraulikoneisto 1Z
    ABS Hydraulikoneisto 5E
    ABS Hydraulikoneisto 5E
    ABS Hydraulikoneisto 5E
    ABS Hydraulikoneisto 5E
    ABS Hydraulikoneisto 5E
    ABS Hydraulikoneisto 5E
    ABS Hydraulikoneisto 5E
    ABS Hydraulikoneisto 5E
    ABS Hydraulikoneisto 5E
    ABS Hydraulikoneisto 5E
    ABS Hydraulikoneisto 5E
    ABS Hydraulikoneisto 5E
    ABS Hydraulikoneisto 5E
    ABS Hydraulikoneisto 5E
    ABS Hydraulikoneisto 5E
    ABS Hydraulikoneisto 1Z
    ABS Hydraulikoneisto 5E
    ABS Hydraulikoneisto 5E
    ABS Hydraulikoneisto 5E
    ABS Hydraulikoneisto 5E
    ABS Hydraulikoneisto 5E
    ABS Hydraulikoneisto 5E
    ABS Hydraulikoneisto 5E
    ABS Hydraulikoneisto 5E
    ABS Hydraulikoneisto 5E
    ABS Hydraulikoneisto 5E
    ABS Hydraulikoneisto 5E
    ABS Hydraulikoneisto 1Z
    ABS Hydraulikoneisto 1Z
    ABS Hydraulikoneisto 1Z
    ABS Hydraulikoneisto 1Z
    ABS Hydraulikoneisto 1Z
    ABS Hydraulikoneisto 1Z
    ABS Hydraulikoneisto 1Z
    ABS Hydraulikoneisto 1Z
    ABS Hydraulikoneisto 1Z
    ABS Hydraulikoneisto 1Z
    ABS Hydraulikoneisto 1Z
    ABS Hydraulikoneisto 1Z
    ABS Hydraulikoneisto 1Z
    ABS Hydraulikoneisto 1Z
    ABS Hydraulikoneisto 5E
    ABS Hydraulikoneisto 1Z
    ABS Hydraulikoneisto 1Z
    ABS Hydraulikoneisto 1Z
    ABS Hydraulikoneisto 5E
    ABS Hydraulikoneisto 1Z
    ABS Hydraulikoneisto 1U
    ABS Hydraulikoneisto 5E
    ABS Hydraulikoneisto 5E
    ABS Hydraulikoneisto 1Z
    ABS Hydraulikoneisto 1U
    ABS Hydraulikoneisto 1U
    ABS Hydraulikoneisto 5E
    ABS Hydraulikoneisto 1Z
    ABS Hydraulikoneisto 1Z
    ABS Hydraulikoneisto 1Z
    ABS Hydraulikoneisto 1Z
    ABS Hydraulikoneisto 1Z
    ABS Hydraulikoneisto 1Z
    ABS Hydraulikoneisto 1Z
    ABS Hydraulikoneisto 1U
    ABS Hydraulikoneisto 5E
    ABS Hydraulikoneisto 1U
    ABS Hydraulikoneisto 1Z
    ABS Hydraulikoneisto 5E
    ABS Hydraulikoneisto 5E
    ABS Hydraulikoneisto 1Z
    ABS Hydraulikoneisto 1Z
    ABS Hydraulikoneisto 1Z
    ABS Hydraulikoneisto 1Z
    ABS Hydraulikoneisto 1U
======================================================================
DPPM Car Parts Data Collector v1.0
======================================================================


Jarrut
  ABS Hydraulikoneisto
    ABS Hydraulikoneisto VW GOLF, E-GOLF VII
    ABS Hydraulikoneisto VW GOLF, E-GOLF VII
    ABS Hydraulikoneisto VW GOLF, E-GOLF VII
    ABS Hydraulikoneisto VW GOLF, E-GOLF VII
    ABS Hydraulikoneisto VW GOLF, E-GOLF VII
    ABS Hydraulikoneisto VW GOLF, E-GOLF VII
    ABS Hydraulikoneisto VW GOLF, E-GOLF VII
    ABS Hydraulikoneisto VW GOLF, E-GOLF VII
    ABS Hydraulikoneisto VW GOLF, E-GOLF VII
    ABS Hydraulikoneisto VW GOLF, E-GOLF VII
    ABS Hydraulikoneisto VW GOLF, E-GOLF VII
    ABS Hydraulikoneisto VW GOLF, E-GOLF VII
    ABS Hydraulikoneisto VW GOLF, E-GOLF VII
    ABS Hydraulikoneisto VW GOLF, E-GOLF VII
    ABS Hydraulikoneisto VW GOLF, E-GOLF VII
    ABS Hydraulikoneisto VW GOLF, E-GOLF VII
    ABS Hydraulikoneisto VW GOLF VI
    ABS Hydraulikoneisto VW GOLF VI
    ABS Hydraulikoneisto VW GOLF, E-GOLF VII
    ABS Hydraulikoneisto VW GOLF, E-GOLF VII
    ABS Hydraulikoneisto VW GOLF VI
    ABS Hydraulikoneisto VW GOLF, E-GOLF VII
    ABS Hydraulikoneisto VW GOLF, E-GOLF VII
    ABS Hydraulikoneisto VW GOLF, E-GOLF VII
    ABS Hydraulikoneisto VW GOLF V
    ABS Hydraulikoneisto VW GOLF, E
    ABS Hydraulikoneisto VW GOLF, E-GOLF VII
    ABS Hydraulikoneisto VW GOLF, E-GOLF VII
    ABS Hydraulikoneisto VW GOLF, E-GOLF VII
    ABS Hydraulikoneisto VW GOLF, E-GOLF VII
    ABS Hydraulikoneisto VW GOLF, E-GOLF VII
    ABS Hydraulikoneisto VW GOLF, E-GOLF VII
    ABS Hydraulikoneisto VW GOLF, E-GOLF VII
    ABS Hydraulikoneisto VW GOLF, E-GOLF VII
    ABS Hydraulikoneisto VW GOLF, E-GOLF VII
    ABS Hydraulikoneisto VW GOLF, E-GOLF VII
    ABS Hydraulikoneisto VW GOLF, E-GOLF VII
    ABS Hydraulikoneisto VW GOLF, E-GOLF VII
    ABS Hydraulikoneisto VW GOLF, E-GOLF VII
    ABS Hydraulikoneisto VW GOLF, E-GOLF VII
    ABS Hydraulikoneisto VW GOLF, E-GOLF VII
    ABS Hydraulikoneisto VW GOLF, E-GOLF VII
    ABS Hydraulikoneisto VW GOLF, E-GOLF VII
    ABS Hydraulikoneisto VW GOLF, E-GOLF VII
    ABS Hydraulikoneisto VW GOLF, E-GOLF VII
    ABS Hydraulikoneisto VW GOLF, E-GOLF VII
    ABS Hydraulikoneisto VW GOLF VI
    ABS Hydraulikoneisto VW GOLF, E-GOLF VII
    ABS Hydraulikoneisto VW GOLF, E-GOLF VII
    ABS Hydraulikoneisto VW GOLF, E-GOLF VII
    ABS Hydraulikoneisto VW GOLF, E-GOLF VII
    ABS Hydraulikoneisto VW GOLF, E-GOLF VII
    ABS Hydraulikoneisto VW GOLF VI
    ABS Hydraulikoneisto VW GOLF, E-GOLF VII
    ABS Hydraulikoneisto VW GOLF V
    ABS Hydraulikoneisto VW GOLF, E-GOLF VII
    ABS Hydraulikoneisto VW GOLF, E-GOLF VII
    ABS Hydraulikoneisto VW GOLF, E-GOLF VII
    ABS Hydraulikoneisto VW GOLF, E-GOLF VII
    ABS Hydraulikoneisto VW GOLF, E-GOLF VII
    ABS Hydraulikoneisto VW GOLF, E-GOLF VII
    ABS Hydraulikoneisto VW GOLF, E-GOLF VII
    ABS Hydraulikoneisto VW GOLF, E-GOLF VII
    ABS Hydraulikoneisto VW GOLF, E-GOLF VII
    ABS Hydraulikoneisto VW GOLF, E-GOLF VII
    ABS Hydraulikoneisto VW GOLF, E-GOLF VII
    ABS Hydraulikoneisto VW GOLF, E
    ABS Hydraulikoneisto VW GOLF, E-GOLF VII
    ABS Hydraulikoneisto VW GOLF, E-GOLF VII
    ABS Hydraulikoneisto VW GOLF, E-GOLF VII
    ABS Hydraulikoneisto VW GOLF, E-GOLF VII
    ABS Hydraulikoneisto VW GOLF, E-GOLF VII
    ABS Hydraulikoneisto VW GOLF VI
    ABS Hydraulikoneisto VW GOLF VI
    ABS Hydraulikoneisto VW GOLF, E-GOLF VII
    ABS Hydraulikoneisto VW GOLF VI
    ABS Hydraulikoneisto VW GOLF VI
    ABS Hydraulikoneisto VW GOLF VI
    ABS Hydraulikoneisto VW GOLF, E-GOLF VII
    ABS Hydraulikoneisto VW GOLF VI
    ABS Hydraulikoneisto VW GOLF, E-GOLF VII
    ABS Hydraulikoneisto VW GOLF VI
    ABS Hydraulikoneisto VW GOLF VI
    ABS Hydraulikoneisto VW GOLF, E-GOLF VII
    ABS Hydraulikoneisto VW GOLF VI
    ABS Hydraulikoneisto VW GOLF, E-GOLF VII
    ABS Hydraulikoneisto VW GOLF, E-GOLF VII
    ABS Hydraulikoneisto VW GOLF VI
    ABS Hydraulikoneisto VW GOLF, E-GOLF VII
    ABS Hydraulikoneisto VW GOLF, E-GOLF VII
    ABS Hydraulikoneisto VW GOLF VI
    ABS Hydraulikoneisto VW GOLF VI
    ABS Hydraulikoneisto VW GOLF VI
    ABS Hydraulikoneisto VW GOLF VI
    ABS Hydraulikoneisto VW GOLF VI
    ABS Hydraulikoneisto VW GOLF VI
    ABS Hydraulikoneisto VW GOLF, E-GOLF VII
    ABS Hydraulikoneisto VW GOLF VI
    ABS Hydraulikoneisto VW GOLF VI
    ABS Hydraulikoneisto VW GOLF V
    ABS Hydraulikoneisto VW GOLF, E-GOLF VII
    ABS Hydraulikoneisto VW GOLF, E-GOLF VII
    ABS Hydraulikoneisto VW GOLF VI
    ABS Hydraulikoneisto VW GOLF V
    ABS Hydraulikoneisto VW GOLF VI
    ABS Hydraulikoneisto VW GOLF V
    Unknown Part
    ABS Hydraulikoneisto VW GOLF VI
    ABS Hydraulikoneisto VW GOLF VI
    ABS Hydraulikoneisto VW GOLF VI
    ABS Hydraulikoneisto VW GOLF, E-GOLF VII
    ABS Hydraulikoneisto VW GOLF IV
    ABS Hydraulikoneisto VW GOLF VI
    ABS Hydraulikoneisto VW GOLF VI
    ABS Hydraulikoneisto VW GOLF IV
    ABS Hydraulikoneisto VW GOLF, E-GOLF VII
    ABS Hydraulikoneisto VW GOLF, E-GOLF VII
    ABS Hydraulikoneisto VW GOLF IV
    ABS Hydraulikoneisto VW GOLF, E-GOLF VII
    ABS Hydraulikoneisto VW GOLF, E-GOLF VII
    ABS Hydraulikoneisto VW GOLF VI
    ABS Hydraulikoneisto VW GOLF, E-GOLF VII
    ABS Hydraulikoneisto VW GOLF, E-GOLF VII
    ABS Hydraulikoneisto VW GOLF V
    ABS Hydraulikoneisto VW GOLF IV
    ABS Hydraulikoneisto VW GOLF, E-GOLF VII
    ABS Hydraulikoneisto VW GOLF V
    ABS Hydraulikoneisto VW GOLF, E-GOLF VII
    ABS Hydraulikoneisto VW GOLF, E-GOLF VII
    ABS Hydraulikoneisto VW GOLF, E-GOLF VII
    ABS Hydraulikoneisto VW GOLF V
    ABS Hydraulikoneisto VW GOLF, E-GOLF VII
    ABS Hydraulikoneisto VW GOLF, E-GOLF VII
    ABS Hydraulikoneisto VW GOLF IV
    ABS Hydraulikoneisto VW GOLF V
    ABS Hydraulikoneisto VW GOLF IV
    ABS Hydraulikoneisto VW GOLF V
    ABS Hydraulikoneisto VW GOLF IV
    ABS Hydraulikoneisto VW GOLF IV
    ABS Hydraulikoneisto VW GOLF V
    ABS Hydraulikoneisto VW GOLF IV
    ABS Hydraulikoneisto VW GOLF IV
    ABS Hydraulikoneisto VW GOLF IV
    ABS Hydraulikoneisto VW GOLF V
    ABS Hydraulikoneisto VW GOLF IV
    ABS Hydraulikoneisto VW GOLF IV
    ABS Hydraulikoneisto VW GOLF IV
    ABS Hydraulikoneisto VW GOLF IV
    ABS Hydraulikoneisto VW GOLF IV
    ABS Hydraulikoneisto VW GOLF IV
    ABS Hydraulikoneisto VW GOLF V
    ABS Hydraulikoneisto VW GOLF, E-GOLF VII
    ABS Hydraulikoneisto VW GOLF V
    ABS Hydraulikoneisto VW GOLF VI
    ABS Hydraulikoneisto VW GOLF V
    ABS Hydraulikoneisto VW GOLF IV
    ABS Hydraulikoneisto VW GOLF V
    ABS Hydraulikoneisto VW GOLF III
    ABS Hydraulikoneisto VW GOLF IV
    ABS Hydraulikoneisto VW GOLF IV
    ABS Hydraulikoneisto VW GOLF IV
    ABS Hydraulikoneisto VW GOLF IV
    ABS Hydraulikoneisto VW GOLF IV
    ABS Hydraulikoneisto VW GOLF IV
    ABS Hydraulikoneisto VW GOLF IV
    ABS Hydraulikoneisto VW GOLF IV
    ABS Hydraulikoneisto VW GOLF IV
    ABS Hydraulikoneisto VW GOLF IV
    ABS Hydraulikoneisto VW GOLF IV
    ABS Hydraulikoneisto VW GOLF IV
    ABS Hydraulikoneisto VW GOLF IV
    ABS Hydraulikoneisto VW GOLF IV
    ABS Hydraulikoneisto VW GOLF IV
    ABS Hydraulikoneisto VW GOLF III
    ABS Hydraulikoneisto VW GOLF IV
    ABS Hydraulikoneisto VW GOLF IV
    ABS Hydraulikoneisto VW GOLF IV
    ABS Hydraulikoneisto VW GOLF IV
    ABS Hydraulikoneisto VW GOLF IV
    ABS Hydraulikoneisto VW GOLF V
    ABS Hydraulikoneisto VW GOLF IV
    ABS Hydraulikoneisto VW GOLF IV
    ABS Hydraulikoneisto VW GOLF IV
    ABS Hydraulikoneisto VW GOLF IV
    ABS Hydraulikoneisto VW GOLF IV
    ABS Hydraulikoneisto VW GOLF IV
    ABS Hydraulikoneisto VW GOLF IV
    ABS Hydraulikoneisto VW GOLF IV
    ABS Hydraulikoneisto VW GOLF IV
    ABS Hydraulikoneisto VW GOLF IV
    ABS Hydraulikoneisto VW GOLF IV
    ABS Hydraulikoneisto VW GOLF IV
    ABS Hydraulikoneisto VW GOLF III
    ABS Hydraulikoneisto VW GOLF IV
    ABS Hydraulikoneisto VW GOLF IV
    ABS Hydraulikoneisto VW GOLF IV
    ABS Hydraulikoneisto VW GOLF IV
    ABS Hydraulikoneisto VW GOLF IV
    ABS Hydraulikoneisto VW GOLF IV
    ABS Hydraulikoneisto VW GOLF IV
======================================================================
DPPM Car Parts Data Collector v1.0
======================================================================


Jarrut
  ABS Hydraulikoneisto
    ABS Hydraulikoneisto
    ABS Hydraulikoneisto
    ABS Hydraulikoneisto
    ABS Hydraulikoneisto
    ABS Hydraulikoneisto
    ABS Hydraulikoneisto
    ABS Hydraulikoneisto
    ABS Hydraulikoneisto
    ABS Hydraulikoneisto
    ABS Hydraulikoneisto
    ABS Hydraulikoneisto
    ABS Hydraulikoneisto
    ABS Hydraulikoneisto
    ABS Hydraulikoneisto
    ABS Hydraulikoneisto
    ABS Hydraulikoneisto
    ABS Hydraulikoneisto
    ABS Hydraulikoneisto
    ABS Hydraulikoneisto
    ABS Hydraulikoneisto
    ABS Hydraulikoneisto
    ABS Hydraulikoneisto
    ABS Hydraulikoneisto
    ABS Hydraulikoneisto
    ABS Hydraulikoneisto
    ABS Hydraulikoneisto
    ABS Hydraulikoneisto
    ABS Hydraulikoneisto
    ABS Hydraulikoneisto
    ABS Hydraulikoneisto
    ABS Hydraulikoneisto
    ABS Hydraulikoneisto
    ABS Hydraulikoneisto
    ABS Hydraulikoneisto
    ABS Hydraulikoneisto
    ABS Hydraulikoneisto
    ABS Hydraulikoneisto
    ABS Hydraulikoneisto
    ABS Hydraulikoneisto
    ABS Hydraulikoneisto
    ABS Hydraulikoneisto
    ABS Hydraulikoneisto
    ABS Hydraulikoneisto
    ABS Hydraulikoneisto
    ABS Hydraulikoneisto
    ABS Hydraulikoneisto
    ABS Hydraulikoneisto
    ABS Hydraulikoneisto
    ABS Hydraulikoneisto
    ABS Hydraulikoneisto
    ABS Hydraulikoneisto
    ABS Hydraulikoneisto
    ABS Hydraulikoneisto
    ABS Hydraulikoneisto
    ABS Hydraulikoneisto
    ABS Hydraulikoneisto
    ABS Hydraulikoneisto
    ABS Hydraulikoneisto
    ABS Hydraulikoneisto
    ABS Hydraulikoneisto
    ABS Hydraulikoneisto
    ABS Hydraulikoneisto
    ABS Hydraulikoneisto
    ABS Hydraulikoneisto
    ABS Hydraulikoneisto
    ABS Hydraulikoneisto
    ABS Hydraulikoneisto
    ABS Hydraulikoneisto
    ABS Hydraulikoneisto
    ABS Hydraulikoneisto
    ABS Hydraulikoneisto
    ABS Hydraulikoneisto
    ABS Hydraulikoneisto
    ABS Hydraulikoneisto
    ABS Hydraulikoneisto
    ABS Hydraulikoneisto
    ABS Hydraulikoneisto
    ABS Hydraulikoneisto
    ABS Hydraulikoneisto
    ABS Hydraulikoneisto
    ABS Hydraulikoneisto
    ABS Hydraulikoneisto
    ABS Hydraulikoneisto
    ABS Hydraulikoneisto
    ABS Hydraulikoneisto
    ABS Hydraulikoneisto
    ABS Hydraulikoneisto
    ABS Hydraulikoneisto
    ABS Hydraulikoneisto
    ABS Hydraulikoneisto
    ABS Hydraulikoneisto
    ABS Hydraulikoneisto
    ABS Hydraulikoneisto
    ABS Hydraulikoneisto
    ABS Hydraulikoneisto
    ABS Hydraulikoneisto
    ABS Hydraulikoneisto
    ABS Hydraulikoneisto
    ABS Hydraulikoneisto
    ABS Hydraulikoneisto
    ABS Hydraulikoneisto
    ABS Hydraulikoneisto
    ABS Hydraulikoneisto
    ABS Hydraulikoneisto
    ABS Hydraulikoneisto
    ABS Hydraulikoneisto
    ABS Hydraulikoneisto
    ABS Hydraulikoneisto
    ABS Hydraulikoneisto
    ABS Hydraulikoneisto
    ABS Hydraulikoneisto
    ABS Hydraulikoneisto
    ABS Hydraulikoneisto
    ABS Hydraulikoneisto
    ABS Hydraulikoneisto
    ABS Hydraulikoneisto
    ABS Hydraulikoneisto
    ABS Hydraulikoneisto
    ABS Hydraulikoneisto
    ABS Hydraulikoneisto
    ABS Hydraulikoneisto
    ABS Hydraulikoneisto
    ABS Hydraulikoneisto
    ABS Hydraulikoneisto
    ABS Hydraulikoneisto
    ABS Hydraulikoneisto
    ABS Hydraulikoneisto
    ABS Hydraulikoneisto
    ABS Hydraulikoneisto
    ABS Hydraulikoneisto
    ABS Hydraulikoneisto
    ABS Hydraulikoneisto
    ABS Hydraulikoneisto
    ABS Hydraulikoneisto
    ABS Hydraulikoneisto
    ABS Hydraulikoneisto
    ABS Hydraulikoneisto
    ABS Hydraulikoneisto
    ABS Hydraulikoneisto
    ABS Hydraulikoneisto
    ABS Hydraulikoneisto
    ABS Hydraulikoneisto
    ABS Hydraulikoneisto
    ABS Hydraulikoneisto
    ABS Hydraulikoneisto
    ABS Hydraulikoneisto
    ABS Hydraulikoneisto
    ABS Hydraulikoneisto
    ABS Hydraulikoneisto
    ABS Hydraulikoneisto
    ABS Hydraulikoneisto
    ABS Hydraulikoneisto
    ABS Hydraulikoneisto
    ABS Hydraulikoneisto
    ABS Hydraulikoneisto
    ABS Hydraulikoneisto
    ABS Hydraulikoneisto
    ABS Hydraulikoneisto
    ABS Hydraulikoneisto
    ABS Hydraulikoneisto
    ABS Hydraulikoneisto
    ABS Hydraulikoneisto
    ABS Hydraulikoneisto
    ABS Hydraulikoneisto
    ABS Hydraulikoneisto
    ABS Hydraulikoneisto
    ABS Hydraulikoneisto
    ABS Hydraulikoneisto
    ABS Hydraulikoneisto
    ABS Hydraulikoneisto
    ABS Hydraulikoneisto
    ABS Hydraulikoneisto
    ABS Hydraulikoneisto
    ABS Hydraulikoneisto
    ABS Hydraulikoneisto
    ABS Hydraulikoneisto
    ABS Hydraulikoneisto
  Etu
  Taka
  Kaikki
  Vasen etu
    Jarrusatula
    Jarrusatula
    Jarrusatula
    Jarrusatula
    Jarrusatula
    Jarrusatula
    Jarrusatula
    Jarrusatula
    Jarrusatula
    Jarrusatula
    Jarrusatula
    Jarrusatula
    Jarrusatula
    Jarrusatula
    Jarrusatula
    Jarrusatula
    Jarrusatula
    Jarrusatula
    Jarrusatula
    Jarrusatula
    Jarrusatula
    Jarrusatula
    Jarrusatula
    Jarrusatula
    Jarrusatula
    Jarrusatula
    Jarrusatula
    Jarrusatula
    Jarrusatula
    Jarrusatula
    Jarrusatula
    Jarrusatula
    Jarrusatula
    Jarrusatula
    Jarrusatula
    Jarrusatula
    Jarrusatula
    Jarrusatula
    Jarrusatula
    Jarrusatula
    Jarrusatula
    Jarrusatula
    Jarrusatula
    Jarrusatula
    Jarrusatula
    Jarrusatula
    Jarrusatula
    Jarrusatula
    Jarrusatula
    Jarrusatula
    Jarrusatula
    Jarrusatula
    Jarrusatula
    Jarrusatula
    Jarrusatula
    Jarrusatula
    Jarrusatula
    Jarrusatula
    Jarrusatula
    Jarrusatula
    Jarrusatula
    Jarrusatula
    Jarrusatula
    Jarrusatula
    Jarrusatula
    Jarrusatula
    Jarrusatula
    Jarrusatula
    Jarrusatula
    Jarrusatula
    Jarrusatula
    Jarrusatula
    Jarrusatula
    Jarrusatula
    Jarrusatula
    Jarrusatula
    Jarrusatula
    Jarrusatula
    Jarrusatula
    Jarrusatula
    Jarrusatula
    Jarrusatula
    Jarrusatula
    Jarrusatula
    Jarrusatula
    Jarrusatula
    Jarrusatula
    Jarrusatula
    Jarrusatula
    Jarrusatula
    Jarrusatula
    Jarrusatula
    Jarrusatula
    Jarrusatula
    Jarrusatula
    Jarrusatula
    Jarrusatula
    Jarrusatula
    Jarrusatula
    Jarrusatula
    Jarrusatula
    Jarrusatula
    Jarrusatula
    Jarrusatula
    Jarrusatula
    Jarrusatula
    Jarrusatula
    Jarrusatula
    Jarrusatula
    Jarrusatula
    Jarrusatula
    Jarrusatula
    Jarrusatula
    Jarrusatula
    Jarrusatula
    Jarrusatula
    Jarrusatula
    Jarrusatula
    Jarrusatula
    Jarrusatula
    Jarrusatula
    Jarrusatula
    Jarrusatula
    Jarrusatula AE82
    Jarrusatula
    Jarrusatula
    Jarrusatula
    Jarrusatula
    Jarrusatula
    Jarrusatula
    Jarrusatula
    Jarrusatula
    Jarrusatula
    Jarrusatula
    Jarrusatula
    Jarrusatula
    Jarrusatula
    Jarrusatula
    Jarrusatula
    Jarrusatula
    Jarrusatula
    Jarrusatula
    Jarrusatula
    Jarrusatula
    Jarrusatula
  Oikea etu
    Jarrusatula
    Jarrusatula
    Jarrusatula
    Jarrusatula
    Jarrusatula
    Jarrusatula
    Jarrusatula
    Jarrusatula
    Jarrusatula
    Jarrusatula
    Jarrusatula
    Jarrusatula
    Jarrusatula
    Jarrusatula
    Jarrusatula
    Jarrusatula
    Jarrusatula
    Jarrusatula
    Jarrusatula
    Jarrusatula
    Jarrusatula
    Jarrusatula
    Jarrusatula
    Jarrusatula
    Jarrusatula
    Jarrusatula
    Jarrusatula
    Jarrusatula
    Jarrusatula
    Jarrusatula
    Jarrusatula
    Jarrusatula
    Jarrusatula
    Jarrusatula
    Jarrusatula
    Jarrusatula
    Jarrusatula
    Jarrusatula
    Jarrusatula
    Jarrusatula
    Jarrusatula
    Jarrusatula
    Jarrusatula
    Jarrusatula
    Jarrusatula
    Jarrusatula
    Jarrusatula
    Jarrusatula
    Jarrusatula
    Jarrusatula
    Jarrusatula
    Jarrusatula
    Jarrusatula
    Jarrusatula
    Jarrusatula
    Jarrusatula
    Jarrusatula
    Jarrusatula
    Jarrusatula
    Jarrusatula
    Jarrusatula
    Jarrusatula
    Jarrusatula
    Jarrusatula
    Jarrusatula
    Jarrusatula
    Jarrusatula
    Jarrusatula
    Jarrusatula
    Jarrusatula
    Jarrusatula
    Jarrusatula
    Jarrusatula
    Jarrusatula
    ABS Hydraulikoneisto VW GOLF IV
    ABS Hydraulikoneisto VW GOLF IV
    ABS Hydraulikoneisto VW GOLF IV
    ABS Hydraulikoneisto VW GOLF IV
  Etu
  Taka
  Kaikki
    Jarrukilpi VW GOLF IV
  Vasen etu
    Jarrusatula VW GOLF VI
    Jarrusatula VW GOLF, E-GOLF VII
    Jarrusatula VW GOLF, E-GOLF VII
    Jarrusatula VW GOLF, E-GOLF VII
    Jarrusatula VW GOLF, E-GOLF VIII
    Jarrusatula VW GOLF, E-GOLF VIII
    Jarrusatula VW GOLF, E
    Jarrusatula VW GOLF VI
    Jarrusatula VW GOLF, E-GOLF VIII
    Jarrusatula VW GOLF VI
    Jarrusatula VW GOLF, E-GOLF VII
    Jarrusatula VW GOLF, E-GOLF VIII
    Jarrusatula VW GOLF V
    Jarrusatula VW GOLF, E
    Jarrusatula VW GOLF III
    Jarrusatula VW GOLF, E-GOLF VII
    Jarrusatula VW GOLF, E-GOLF VII
    Jarrusatula VW GOLF, E-GOLF VII
    Jarrusatula VW GOLF, E-GOLF VIII
    Jarrusatula VW GOLF, E
    Jarrusatula VW GOLF V
    Jarrusatula VW GOLF IV
    Jarrusatula VW GOLF, E-GOLF VII
    Jarrusatula VW GOLF IV
    Jarrusatula VW GOLF V
    Jarrusatula VW GOLF, E-GOLF VII
    Jarrusatula VW GOLF, E-GOLF VII
    Jarrusatula VW GOLF V
    Jarrusatula VW GOLF V
    Jarrusatula VW GOLF V
    Jarrusatula VW GOLF V
    Jarrusatula VW GOLF VI
    Jarrusatula VW GOLF VI
    Jarrusatula VW GOLF VI
    Jarrusatula VW GOLF V
    Jarrusatula VW GOLF V
    Jarrusatula VW GOLF VI
    Jarrusatula VW GOLF VI
    Jarrusatula VW GOLF, E-GOLF VII
    Jarrusatula VW GOLF VI
    Jarrusatula VW GOLF, E
    Jarrusatula VW GOLF VI
    Jarrusatula VW GOLF, E-GOLF VII
    Jarrusatula VW GOLF, E
    Jarrusatula VW GOLF V
    Jarrusatula VW GOLF V
    Jarrusatula VW GOLF, E-GOLF VII
    Jarrusatula VW GOLF, E
    Jarrusatula VW GOLF VI
    Jarrusatula VW GOLF VI
    Jarrusatula VW GOLF VI
    Jarrusatula VW GOLF, E
    Jarrusatula VW GOLF III
    Jarrusatula VW GOLF IV
    Jarrusatula VW GOLF IV
    Jarrusatula VW GOLF, E
    Jarrusatula VW GOLF VI
    Jarrusatula VW GOLF V
    Jarrusatula VW GOLF III
    Jarrusatula VW GOLF VI
    Jarrusatula VW GOLF VI
    Jarrusatula VW GOLF VI
    Jarrusatula VW GOLF, E
    Jarrusatula VW GOLF VI
    Jarrusatula VW GOLF V
    Jarrusatula VW GOLF V
    Jarrusatula VW GOLF VI
    Jarrusatula VW GOLF V
    Jarrusatula VW GOLF V
    Jarrusatula VW GOLF VI
    Jarrusatula VW GOLF VI
    Jarrusatula VW GOLF IV
    Jarrusatula VW GOLF V
    Jarrusatula VW GOLF, E
    Jarrusatula VW GOLF IV
    Jarrusatula VW GOLF VI
    Jarrusatula VW GOLF IV
    Jarrusatula VW GOLF IV
    Jarrusatula VW GOLF VI
    Jarrusatula VW GOLF V
    Jarrusatula VW GOLF, E
    Jarrusatula VW GOLF V
    Jarrusatula VW GOLF, E-GOLF VII
    Jarrusatula VW GOLF, E
    Jarrusatula VW GOLF VI
    Jarrusatula VW GOLF V
    Jarrusatula VW GOLF, E-GOLF VII
    Jarrusatula VW GOLF VI
    Jarrusatula VW GOLF, E
    Jarrusatula VW GOLF V
    Jarrusatula VW GOLF VI
    Jarrusatula VW GOLF VI
    Jarrusatula VW GOLF VI
    Jarrusatula VW GOLF VI
    Jarrusatula VW GOLF VI
    Jarrusatula VW GOLF, E
    Jarrusatula VW GOLF, E-GOLF VII
    Jarrusatula VW GOLF V
    Jarrusatula VW GOLF V
    Jarrusatula VW GOLF IV
    Jarrusatula VW GOLF VI
    Jarrusatula VW GOLF VI
    Jarrusatula VW GOLF, E
    Jarrusatula VW GOLF, E-GOLF VII
    Jarrusatula VW GOLF IV
    Jarrusatula VW GOLF VI
    Jarrusatula VW GOLF IV
    Jarrusatula VW GOLF, E-GOLF VII
    Jarrusatula VW GOLF, E
    Jarrusatula VW GOLF IV
    Jarrusatula VW GOLF V
    Jarrusatula VW GOLF VI
    Jarrusatula VW GOLF VI
    Jarrusatula VW GOLF VI
    Jarrusatula VW GOLF VI
    Jarrusatula VW GOLF VI
    Jarrusatula VW GOLF, E-GOLF VII
    Jarrusatula VW GOLF, E-GOLF VII
    Jarrusatula VW GOLF, E-GOLF VII
    Jarrusatula VW GOLF, E-GOLF VII
    Jarrusatula VW GOLF, E-GOLF VII
    Jarrusatula VW GOLF, E-GOLF VII
    Jarrusatula VW GOLF, E-GOLF VII
    Jarrusatula VW GOLF IV
    Jarrusatula VW GOLF VI
    Jarrusatula VW GOLF VI
    Jarrusatula VW GOLF VI
    Jarrusatula VW GOLF VI
    Jarrusatula VW GOLF, E-GOLF VII
    Jarrusatula VW GOLF V
    Jarrusatula VW GOLF IV
    Jarrusatula VW GOLF IV
    Jarrusatula VW GOLF VI
    Jarrusatula VW GOLF, E
    Jarrusatula VW GOLF, E-GOLF VII
    Jarrusatula VW GOLF IV
    Jarrusatula VW GOLF VI
    Jarrusatula VW GOLF III
    Jarrusatula VW GOLF, E-GOLF VII
    Jarrusatula VW GOLF, E-GOLF VII
    Jarrusatula VW GOLF VI
    Jarrusatula VW GOLF III
    Jarrusatula VW GOLF VI
    Jarrusatula VW GOLF VI
    Jarrusatula VW GOLF VI
    Jarrusatula VW GOLF VI
    Jarrusatula VW GOLF III
    Jarrusatula VW GOLF, E-GOLF VII
    Jarrusatula VW GOLF, E-GOLF VII
    Jarrusatula VW GOLF V
    Jarrusatula VW GOLF VI
    Jarrusatula VW GOLF III
    Jarrusatula VW GOLF IV
    Jarrusatula VW GOLF IV
    Jarrusatula VW GOLF V
    Jarrusatula VW GOLF IV
    Jarrusatula VW GOLF V
    Jarrusatula VW GOLF VI
    Jarrusatula VW GOLF VI
    Jarrusatula VW GOLF II
    Jarrusatula VW GOLF VI
    Jarrusatula VW GOLF IV
    Jarrusatula VW GOLF V
    Jarrusatula VW GOLF, E
    Jarrusatula VW GOLF VI
    Jarrusatula VW GOLF IV
    Jarrusatula VW GOLF III
    Jarrusatula VW GOLF III
    Jarrusatula VW GOLF IV
    Jarrusatula VW GOLF III
    Jarrusatula VW GOLF IV
    Jarrusatula VW GOLF IV
    Jarrusatula VW GOLF IV
    Jarrusatula VW GOLF IV
    Jarrusatula VW GOLF V
    Jarrusatula VW GOLF V
    Jarrusatula VW GOLF III
    Jarrusatula VW GOLF IV
    Jarrusatula VW GOLF III
    Jarrusatula VW GOLF III
    Jarrusatula VW GOLF IV
    Jarrusatula VW GOLF IV
    Jarrusatula VW GOLF III
    Jarrusatula VW GOLF V
    Jarrusatula VW GOLF V
    Jarrusatula VW GOLF IV
    Jarrusatula VW GOLF VI
    Jarrusatula VW GOLF VI
    Jarrusatula VW GOLF VI
    Jarrusatula VW GOLF, E
    Jarrusatula VW GOLF V
    Jarrusatula VW GOLF V
    Jarrusatula VW GOLF V
    Jarrusatula VW GOLF VI
    Jarrusatula VW GOLF VI
    Jarrusatula VW GOLF VI
    Jarrusatula VW GOLF V
    Jarrusatula VW GOLF V
    Jarrusatula VW GOLF V
    Jarrusatula VW GOLF V
    Jarrusatula VW GOLF IV
    Jarrusatula VW GOLF IV
    Jarrusatula VW GOLF V
    Jarrusatula VW GOLF V
    Jarrusatula VW GOLF V
    Jarrusatula VW GOLF IV
    Jarrusatula VW GOLF V
    Jarrusatula VW GOLF V
    Jarrusatula VW GOLF III
    Jarrusatula VW GOLF V
    Jarrusatula VW GOLF II
    Jarrusatula VW GOLF IV
    Jarrusatula VW GOLF V
    Jarrusatula VW GOLF VI
    Jarrusatula VW GOLF IV
    Jarrusatula VW GOLF IV
    Jarrusatula VW GOLF II
    Jarrusatula VW GOLF V
    Jarrusatula VW GOLF IV
    Jarrusatula VW GOLF IV
    Jarrusatula VW GOLF IV
    Jarrusatula VW GOLF IV
    Jarrusatula VW GOLF IV
    Jarrusatula VW GOLF IV
    Jarrusatula VW GOLF IV
    Jarrusatula VW GOLF V
    Jarrusatula VW GOLF III
    Jarrusatula VW GOLF III
    Jarrusatula VW GOLF IV
    Jarrusatula VW GOLF V
    Jarrusatula VW GOLF III
    Jarrusatula VW GOLF VI
    Jarrusatula VW GOLF IV
    Jarrusatula VW GOLF V
    Jarrusatula VW GOLF IV
    Jarrusatula VW GOLF V
    Jarrusatula VW GOLF IV
    Jarrusatula VW GOLF IV
    Jarrusatula VW GOLF IV
    Jarrusatula VW GOLF IV
    Jarrusatula VW GOLF IV
    Jarrusatula VW GOLF VI
    Jarrusatula VW GOLF IV
    Jarrusatula VW GOLF V
    Jarrusatula VW GOLF III
    Jarrusatula VW GOLF V
    Jarrusatula VW GOLF III
    Jarrusatula VW GOLF V
    Jarrusatula VW GOLF VI
    Jarrusatula VW GOLF II
    Jarrusatula VW GOLF V
    Jarrusatula VW GOLF IV
    Jarrusatula VW GOLF IV
    Jarrusatula VW GOLF II
    Jarrusatula VW GOLF VI
    Jarrusatula VW GOLF IV
    Jarrusatula VW GOLF IV
    Jarrusatula VW GOLF IV
    Jarrusatula VW GOLF IV
    Jarrusatula VW GOLF IV
    Jarrusatula VW GOLF V
    Jarrusatula VW GOLF V
    Jarrusatula VW GOLF V
    Jarrusatula VW GOLF V
    Jarrusatula VW GOLF IV
    Jarrusatula VW GOLF V
    Jarrusatula VW GOLF IV
    Jarrusatula VW GOLF IV
    Jarrusatula VW GOLF V
    Jarrusatula VW GOLF V
    Jarrusatula VW GOLF IV
    Jarrusatula VW GOLF IV
    Jarrusatula VW GOLF IV
    Jarrusatula VW GOLF IV
    Jarrusatula VW GOLF IV
    Jarrusatula VW GOLF IV
    Jarrusatula VW GOLF IV
    Jarrusatula VW GOLF IV
    Jarrusatula VW GOLF IV
    Jarrusatula VW GOLF IV
    Jarrusatula VW GOLF V
    Jarrusatula VW GOLF IV
    Jarrusatula VW GOLF IV
    Jarrusatula VW GOLF IV
    Jarrusatula VW GOLF V
    Jarrusatula VW GOLF IV
    Jarrusatula
    Jarrusatula
    Jarrusatula
    Jarrusatula
    Jarrusatula
    Jarrusatula
    Jarrusatula
    Jarrusatula
    Jarrusatula
    Jarrusatula
    Jarrusatula
    Jarrusatula
    Jarrusatula
    Jarrusatula
    Jarrusatula
    Jarrusatula
    Jarrusatula
    Jarrusatula
    Jarrusatula
    Jarrusatula
    Jarrusatula
    Jarrusatula
    Jarrusatula
    Jarrusatula
    Jarrusatula
    Jarrusatula
    Jarrusatula
    Jarrusatula
    Jarrusatula
    Jarrusatula
    Jarrusatula
    Jarrusatula
    Jarrusatula
    Jarrusatula
    Jarrusatula
    Jarrusatula
    Jarrusatula
    Jarrusatula
    Jarrusatula
    Jarrusatula
    Jarrusatula
    Jarrusatula
    Jarrusatula
    Jarrusatula
    Jarrusatula
    Jarrusatula
    Jarrusatula
    Jarrusatula
    Jarrusatula
    Jarrusatula
    Jarrusatula
    Jarrusatula
    Jarrusatula
    Jarrusatula
    Jarrusatula
    Jarrusatula
    Jarrusatula
    Jarrusatula
    Jarrusatula
    Jarrusatula
    Jarrusatula
    Jarrusatula
    Jarrusatula
    Jarrusatula
    Jarrusatula
    Jarrusatula
    Jarrusatula
    Jarrusatula
    Jarrusatula
    Jarrusatula
    Jarrusatula
    Jarrusatula
    Jarrusatula
    Jarrusatula
    Jarrusatula
    Jarrusatula
    Jarrusatula
    Jarrusatula
    Jarrusatula
    Jarrusatula
    Jarrusatula
    Jarrusatula
    Jarrusatula
    Jarrusatula
    Jarrusatula
    Jarrusatula
  Vasen taka
    Jarrusatula
    Jarrusatula
    Jarrusatula
    Jarrusatula
    Jarrusatula
    Jarrusatula
    Jarrusatula
    Jarrusatula
    Jarrusatula
    Jarrusatula
    Jarrusatula
    Jarrusatula
    Jarrusatula
    Jarrusatula
    Jarrusatula
    Jarrusatula
    Jarrusatula
    Jarrusatula
    Jarrusatula
    Jarrusatula
    Jarrusatula
    Jarrusatula
    Jarrusatula
    Jarrusatula
    Jarrusatula
    Jarrusatula
    Jarrusatula
    Jarrusatula
    Jarrusatula
    Jarrusatula
    Jarrusatula
    Jarrusatula
    Jarrusatula
    Jarrusatula
    Jarrusatula
    Jarrusatula
    Jarrusatula
    Jarrusatula
    Jarrusatula
    Jarrusatula
    Jarrusatula
    Jarrusatula
    Jarrusatula
    Jarrusatula
    Jarrusatula
    Jarrusatula
    Jarrusatula
    Jarrusatula
    Jarrusatula
    Jarrusatula
    Jarrusatula
    Jarrusatula
    Jarrusatula
    Jarrusatula
    Jarrusatula
    Jarrusatula
    Jarrusatula
    Jarrusatula
    Jarrusatula
    Jarrusatula
    Jarrusatula
    Jarrusatula
    Jarrusatula
    Jarrusatula
    Jarrusatula
    Jarrusatula
    Jarrusatula
    Jarrusatula
    Jarrusatula
    Jarrusatula
    Jarrusatula
    Jarrusatula
    Jarrusatula
    Jarrusatula
    Jarrusatula
    Jarrusatula
    Jarrusatula
    Jarrusatula
    Jarrusatula
    Jarrusatula
    Jarrusatula
    Jarrusatula
    Jarrusatula
    Jarrusatula
    Jarrusatula
    Jarrusatula
    Jarrusatula
    Jarrusatula
    Jarrusatula
    Jarrusatula
    Jarrusatula
    Jarrusatula
    Jarrusatula
    Jarrusatula
    Jarrusatula
    Jarrusatula
    Jarrusatula
    Jarrusatula
    Jarrusatula
    Jarrusatula
    Jarrusatula
    Jarrusatula
    Jarrusatula
    Jarrusatula
    Jarrusatula
    Jarrusatula
    Jarrusatula
    Jarrusatula
    Jarrusatula
    Jarrusatula
    Jarrusatula
    Jarrusatula
    Jarrusatula
    Jarrusatula
    Jarrusatula
    Jarrusatula
    Jarrusatula
  Oikea taka
    Jarrusatula
    Jarrusatula
    Jarrusatula
    Jarrusatula
    Jarrusatula
    Jarrusatula
    Jarrusatula
    Jarrusatula
    Jarrusatula
    Jarrusatula
    Jarrusatula
    Jarrusatula
    Jarrusatula
    Jarrusatula
    Jarrusatula
    Jarrusatula
    Jarrusatula
    Jarrusatula
    Jarrusatula
    Jarrusatula
    Jarrusatula
    Jarrusatula
    Jarrusatula
    Jarrusatula
    Jarrusatula
    Jarrusatula
    Jarrusatula
    Jarrusatula
    Jarrusatula
    Jarrusatula
    Jarrusatula
    Jarrusatula
    Jarrusatula
    Jarrusatula
    Jarrusatula
    Jarrusatula
    Jarrusatula
    Jarrusatula
    Jarrusatula
    Jarrusatula
    Jarrusatula
    Jarrusatula
    Jarrusatula
    Jarrusatula
    Jarrusatula
    Jarrusatula
    Jarrusatula
    Jarrusatula
    Jarrusatula
    Jarrusatula
    Jarrusatula
    Jarrusatula
    Jarrusatula
    Jarrusatula
    Jarrusatula
    Jarrusatula
    Jarrusatula
    Jarrusatula
    Jarrusatula
    Jarrusatula
    Jarrusatula
    Jarrusatula
    Jarrusatula
    Jarrusatula
    Jarrusatula
    Jarrusatula
    Jarrusatula
    Jarrusatula
    Jarrusatula
    Jarrusatula
    Jarrusatula
    Jarrusatula
    Jarrusatula
    Jarrusatula
    Jarrusatula
    Jarrusatula
    Jarrusatula
    Jarrusatula
    Jarrusatula
    Jarrusatula
    Jarrusatula
    Jarrusatula
    Jarrusatula
    Jarrusatula
    Jarrusatula
    Jarrusatula
    Jarrusatula
    Jarrusatula
    Jarrusatula
    Jarrusatula
    Jarrusatula
    Jarrusatula
    Jarrusatula
    Jarrusatula
    Jarrusatula
    Jarrusatula
    Jarrusatula
    Jarrusatula
    Jarrusatula
    Jarrusatula
    Jarrusatula VW GOLF V
    Jarrusatula VW GOLF IV
    Jarrusatula VW GOLF IV
    Jarrusatula VW GOLF V
    Jarrusatula VW GOLF IV
    Jarrusatula VW GOLF V
  Oikea etu
    Jarrusatula VW GOLF, E-GOLF VII
    Jarrusatula VW GOLF VI
    Jarrusatula VW GOLF, E-GOLF VII
    Jarrusatula VW GOLF VI
    Jarrusatula VW GOLF, E
    Jarrusatula VW GOLF, E-GOLF VII
    Jarrusatula VW GOLF, E-GOLF VIII
    Jarrusatula VW GOLF, E-GOLF VIII
    Jarrusatula VW GOLF, E-GOLF VII
    Jarrusatula VW GOLF VI
    Jarrusatula VW GOLF V
    Jarrusatula VW GOLF, E-GOLF VIII
    Jarrusatula VW GOLF, E
    Jarrusatula VW GOLF, E-GOLF VII
    Jarrusatula VW GOLF, E-GOLF VIII
    Jarrusatula VW GOLF, E-GOLF VII
    Jarrusatula VW GOLF, E-GOLF VII
    Jarrusatula VW GOLF, E
    Jarrusatula VW GOLF, E-GOLF VII
    Jarrusatula VW GOLF, E-GOLF VII
    Jarrusatula VW GOLF V
    Jarrusatula VW GOLF VI
    Jarrusatula VW GOLF, E-GOLF VII
    Jarrusatula VW GOLF V
    Jarrusatula VW GOLF V
    Jarrusatula VW GOLF IV
    Jarrusatula VW GOLF V
    Jarrusatula VW GOLF V
    Jarrusatula VW GOLF VI
    Jarrusatula VW GOLF IV
    Jarrusatula VW GOLF, E-GOLF VII
    Jarrusatula VW GOLF, E
    Jarrusatula VW GOLF, E-GOLF VII
    Jarrusatula VW GOLF VI
    Jarrusatula VW GOLF VI
    Jarrusatula VW GOLF, E-GOLF VII
    Jarrusatula VW GOLF VI
    Jarrusatula VW GOLF V
    Jarrusatula VW GOLF, E
    Jarrusatula VW GOLF VI
    Jarrusatula VW GOLF VI
    Jarrusatula VW GOLF VI
    Jarrusatula VW GOLF VI
    Jarrusatula VW GOLF V
    Jarrusatula VW GOLF VI
    Jarrusatula VW GOLF V
    Jarrusatula VW GOLF VI
    Jarrusatula VW GOLF, E
    Jarrusatula VW GOLF V
    Jarrusatula VW GOLF V
    Jarrusatula VW GOLF III
    Jarrusatula VW GOLF IV
    Jarrusatula VW GOLF, E-GOLF VII
    Jarrusatula VW GOLF VI
    Jarrusatula VW GOLF, E
    Jarrusatula VW GOLF, E-GOLF VII
    Jarrusatula VW GOLF, E
    Jarrusatula VW GOLF VI
    Jarrusatula VW GOLF V
    Jarrusatula VW GOLF, E
    Jarrusatula VW GOLF IV
    Jarrusatula VW GOLF, E
    Jarrusatula VW GOLF VI
    Jarrusatula VW GOLF, E
    Jarrusatula VW GOLF III
    Jarrusatula VW GOLF IV
    Jarrusatula VW GOLF IV
    Jarrusatula VW GOLF III
    Jarrusatula VW GOLF III
    Jarrusatula VW GOLF III
    Jarrusatula VW GOLF VI
    Jarrusatula VW GOLF VI
    Jarrusatula VW GOLF, E
    Jarrusatula VW GOLF VI
    Jarrusatula VW GOLF V
    Jarrusatula VW GOLF V
    Jarrusatula VW GOLF IV
    Jarrusatula VW GOLF V
    Jarrusatula VW GOLF VI
    Jarrusatula VW GOLF VI
    Jarrusatula VW GOLF, E
    Jarrusatula VW GOLF, E
    Jarrusatula VW GOLF VI
    Jarrusatula VW GOLF V
    Jarrusatula VW GOLF V
    Jarrusatula VW GOLF VI
    Jarrusatula VW GOLF III
    Jarrusatula VW GOLF V
    Jarrusatula VW GOLF, E
    Jarrusatula VW GOLF IV
    Jarrusatula VW GOLF VI
    Jarrusatula VW GOLF, E
    Jarrusatula VW GOLF VI
    Jarrusatula VW GOLF, E
    Jarrusatula VW GOLF VI
    Jarrusatula VW GOLF, E-GOLF VII
    Jarrusatula VW GOLF V
    Jarrusatula VW GOLF, E
    Jarrusatula VW GOLF VI
    Jarrusatula VW GOLF, E
    Jarrusatula VW GOLF, E-GOLF VII
    Jarrusatula VW GOLF V
    Jarrusatula VW GOLF VI
    Jarrusatula VW GOLF VI
    Jarrusatula VW GOLF VI
    Jarrusatula VW GOLF VI
    Jarrusatula VW GOLF V
    Jarrusatula VW GOLF VI
    Jarrusatula VW GOLF VI
    Jarrusatula VW GOLF IV
    Jarrusatula VW GOLF, E-GOLF VII
    Jarrusatula VW GOLF VI
    Jarrusatula VW GOLF, E
    Jarrusatula VW GOLF IV
    Jarrusatula VW GOLF IV
    Jarrusatula VW GOLF, E
    Jarrusatula VW GOLF VI
    Jarrusatula VW GOLF VI
    Jarrusatula VW GOLF III
    Jarrusatula VW GOLF VI
    Jarrusatula VW GOLF, E-GOLF VII
    Jarrusatula VW GOLF, E-GOLF VII
    Jarrusatula VW GOLF VI
    Jarrusatula VW GOLF V
    Jarrusatula VW GOLF, E-GOLF VII
    Jarrusatula VW GOLF, E-GOLF VII
    Jarrusatula VW GOLF VI
    Jarrusatula VW GOLF VI
    Jarrusatula VW GOLF, E-GOLF VII
    Jarrusatula VW GOLF VI
    Jarrusatula VW GOLF V
    Jarrusatula VW GOLF VI
    Jarrusatula VW GOLF VI
    Jarrusatula VW GOLF, E-GOLF VII
    Jarrusatula VW GOLF VI
    Jarrusatula VW GOLF, E-GOLF VII
    Jarrusatula VW GOLF, E-GOLF VII
    Jarrusatula VW GOLF IV
    Jarrusatula VW GOLF, E-GOLF VII
    Jarrusatula VW GOLF IV
    Jarrusatula VW GOLF, E-GOLF VII
    Jarrusatula VW GOLF VI
    Jarrusatula VW GOLF III
    Jarrusatula VW GOLF IV
    Jarrusatula VW GOLF, E-GOLF VII
    Jarrusatula VW GOLF V
    Jarrusatula VW GOLF III
    Jarrusatula VW GOLF V
    Jarrusatula VW GOLF, E
    Jarrusatula VW GOLF VI
    Jarrusatula VW GOLF III
    Jarrusatula VW GOLF VI
    Jarrusatula VW GOLF, E-GOLF VII
    Jarrusatula VW GOLF, E-GOLF VII
    Jarrusatula VW GOLF V
    Jarrusatula VW GOLF VI
    Jarrusatula VW GOLF, E-GOLF VII
    Jarrusatula VW GOLF VI
    Jarrusatula VW GOLF VI
    Jarrusatula VW GOLF VI
    Jarrusatula VW GOLF V
    Jarrusatula VW GOLF IV
    Jarrusatula VW GOLF VI
    Jarrusatula VW GOLF V
    Jarrusatula VW GOLF V
    Jarrusatula VW GOLF IV
    Jarrusatula VW GOLF IV
    Jarrusatula VW GOLF VI
    Jarrusatula VW GOLF IV
    Jarrusatula VW GOLF VI
    Jarrusatula VW GOLF IV
    Jarrusatula VW GOLF, E
    Jarrusatula VW GOLF V
    Jarrusatula VW GOLF III
    Jarrusatula VW GOLF IV
    Jarrusatula VW GOLF IV
    Jarrusatula VW GOLF V
    Jarrusatula VW GOLF VI
    Jarrusatula VW GOLF V
    Jarrusatula VW GOLF VI
    Jarrusatula VW GOLF III
    Jarrusatula VW GOLF IV
    Jarrusatula VW GOLF VI
    Jarrusatula VW GOLF IV
    Jarrusatula VW GOLF V
    Jarrusatula VW GOLF III
    Jarrusatula VW GOLF VI
    Jarrusatula VW GOLF V
    Jarrusatula VW GOLF IV
    Jarrusatula VW GOLF, E
    Jarrusatula VW GOLF V
    Jarrusatula VW GOLF V
    Jarrusatula VW GOLF VI
    Jarrusatula VW GOLF V
    Jarrusatula VW GOLF VI
    Jarrusatula VW GOLF V
    Jarrusatula VW GOLF V
    Jarrusatula VW GOLF IV
    Jarrusatula VW GOLF V
    Jarrusatula VW GOLF VI
    Jarrusatula VW GOLF IV
    Jarrusatula VW GOLF IV
    Jarrusatula VW GOLF V
    Jarrusatula VW GOLF V
    Jarrusatula VW GOLF III
    Jarrusatula VW GOLF VI
    Jarrusatula VW GOLF IV
    Jarrusatula VW GOLF IV
    Jarrusatula VW GOLF V
    Jarrusatula VW GOLF III
    Jarrusatula VW GOLF IV
    Jarrusatula VW GOLF VI
    Jarrusatula VW GOLF, E-GOLF VII
    Jarrusatula VW GOLF V
    Jarrusatula VW GOLF III
    Jarrusatula VW GOLF V
    Jarrusatula VW GOLF V
    Jarrusatula VW GOLF IV
    Jarrusatula VW GOLF V
    Jarrusatula VW GOLF VI
    Jarrusatula VW GOLF IV
    Jarrusatula VW GOLF III
    Jarrusatula VW GOLF IV
    Jarrusatula VW GOLF IV
    Jarrusatula VW GOLF IV
    Jarrusatula VW GOLF V
    Jarrusatula VW GOLF V
    Jarrusatula VW GOLF V
    Jarrusatula VW GOLF IV
    Jarrusatula VW GOLF IV
    Jarrusatula VW GOLF IV
    Jarrusatula VW GOLF VI
    Jarrusatula VW GOLF VI
    Jarrusatula VW GOLF IV
    Jarrusatula VW GOLF V
    Jarrusatula VW GOLF V
    Jarrusatula VW GOLF IV
    Jarrusatula VW GOLF III
    Jarrusatula VW GOLF IV
    Jarrusatula VW GOLF IV
    Jarrusatula VW GOLF II
    Jarrusatula VW GOLF V
    Jarrusatula VW GOLF IV
    Jarrusatula VW GOLF V
    Jarrusatula VW GOLF II
    Jarrusatula VW GOLF II
    Jarrusatula VW GOLF VI
    Jarrusatula VW GOLF II
    Jarrusatula VW GOLF V
    Jarrusatula VW GOLF II
    Jarrusatula VW GOLF IV
    Jarrusatula VW GOLF V
    Jarrusatula VW GOLF V
    Jarrusatula VW GOLF V
    Jarrusatula VW GOLF V
    Jarrusatula VW GOLF V
    Jarrusatula VW GOLF IV
    Jarrusatula VW GOLF III
    Jarrusatula VW GOLF IV
    Jarrusatula VW GOLF IV
    Jarrusatula VW GOLF IV
    Jarrusatula VW GOLF IV
    Jarrusatula VW GOLF IV
    Jarrusatula VW GOLF IV
    Jarrusatula VW GOLF IV
    Jarrusatula VW GOLF IV
    Jarrusatula VW GOLF IV
    Jarrusatula VW GOLF IV
    Jarrusatula VW GOLF IV
    Jarrusatula VW GOLF IV
    Jarrusatula VW GOLF IV
    Jarrusatula VW GOLF IV
    Jarrusatula VW GOLF V
    Jarrusatula VW GOLF V
    Jarrusatula VW GOLF IV
    Jarrusatula VW GOLF IV
    Jarrusatula VW GOLF V
    Jarrusatula VW GOLF IV
    Jarrusatula VW GOLF V
    Jarrusatula VW GOLF IV
    Jarrusatula VW GOLF IV
    Jarrusatula VW GOLF IV
    Jarrusatula VW GOLF IV
    Jarrusatula VW GOLF V
    Jarrusatula VW GOLF IV
    Jarrusatula VW GOLF IV
    Jarrusatula VW GOLF IV
  Vasen taka
    Jarrusatula VW GOLF, E-GOLF VII
    Jarrusatula VW GOLF VI
    Jarrusatula VW GOLF, E-GOLF VII
    Jarrusatula VW GOLF, E-GOLF VII
    Jarrusatula VW GOLF, E
    Jarrusatula VW GOLF, E
    Jarrusatula VW GOLF, E
    Jarrusatula VW GOLF, E-GOLF VII
    Jarrusatula VW GOLF, E-GOLF VII
    Jarrusatula VW GOLF, E
    Jarrusatula VW GOLF, E-GOLF VII
    Jarrusatula VW GOLF, E-GOLF VII
    Jarrusatula VW GOLF, E-GOLF VII
    Jarrusatula VW GOLF, E-GOLF VII
    Jarrusatula VW GOLF, E-GOLF VII
    Jarrusatula VW GOLF, E-GOLF VII
    Jarrusatula VW GOLF, E-GOLF VII
    Jarrusatula VW GOLF, E
    Jarrusatula VW GOLF, E-GOLF VII
    Jarrusatula VW GOLF, E-GOLF VII
    Jarrusatula VW GOLF, E-GOLF VII
    Jarrusatula VW GOLF, E-GOLF VII
    Jarrusatula VW GOLF, E-GOLF VIII
    Jarrusatula VW GOLF, E-GOLF VII
    Jarrusatula VW GOLF, E-GOLF VII
    Jarrusatula VW GOLF, E-GOLF VII
    Jarrusatula VW GOLF, E-GOLF VIII
    Jarrusatula VW GOLF, E
    Jarrusatula VW GOLF, E-GOLF VII
    Jarrusatula VW GOLF, E-GOLF VII
    Jarrusatula VW GOLF, E
    Jarrusatula VW GOLF, E
    Jarrusatula VW GOLF, E-GOLF VII
    Jarrusatula VW GOLF, E-GOLF VII
    Jarrusatula VW GOLF, E-GOLF VII
    Jarrusatula VW GOLF, E-GOLF VII
    Jarrusatula VW GOLF, E
    Jarrusatula VW GOLF, E-GOLF VII
    Jarrusatula VW GOLF, E-GOLF VII
    Jarrusatula VW GOLF VI
    Jarrusatula VW GOLF, E-GOLF VII
    Jarrusatula VW GOLF VI
    Jarrusatula VW GOLF, E-GOLF VII
    Jarrusatula VW GOLF VI
    Jarrusatula VW GOLF, E-GOLF VII
    Jarrusatula VW GOLF, E-GOLF VII
Completed: ma 19.1.2026 20.34.46 +0200
-rw-rw---- 1 rbhandar pepr_rbhandar 12K 19. 1. 14:00 dppm_corolla_test.csv
-rw-rw---- 1 rbhandar pepr_rbhandar 14K 19. 1. 19:30 dppm_skoda_octavia.csv
-rw-rw---- 1 rbhandar pepr_rbhandar 53K 19. 1. 20:22 dppm_toyota_corolla.csv
-rw-rw---- 1 rbhandar pepr_rbhandar 72K 19. 1. 20:34 dppm_vw_golf,-e_golf.csv
